<?xml version="1.0" encoding="UTF-8"?>
<testsuite name="org.Flipkart.UserServiceTest" tests="4" skipped="0" failures="0" errors="0" timestamp="2024-09-03T12:30:14" hostname="FK1089-218395L" time="0.002">
  <properties/>
  <testcase name="testAddUserFailure()" classname="org.Flipkart.UserServiceTest" time="0.0"/>
  <testcase name="testGetUserByIdSuccess()" classname="org.Flipkart.UserServiceTest" time="0.001"/>
  <testcase name="testAddUserSuccess()" classname="org.Flipkart.UserServiceTest" time="0.0"/>
  <testcase name="testGetUserByIdNotFound()" classname="org.Flipkart.UserServiceTest" time="0.0"/>
  <system-out><![CDATA[]]></system-out>
  <system-err><![CDATA[]]></system-err>
</testsuite>
