<?xml version="1.0" encoding="UTF-8"?>
<testsuite name="org.Flipkart.TransactionServiceTest" tests="15" skipped="0" failures="0" errors="0" timestamp="2024-09-03T12:30:14" hostname="FK1089-218395L" time="0.233">
  <properties/>
  <testcase name="testDebitInvalidAmount()" classname="org.Flipkart.TransactionServiceTest" time="0.214"/>
  <testcase name="testCreditInvalidAmount()" classname="org.Flipkart.TransactionServiceTest" time="0.0"/>
  <testcase name="testCreditFailureWalletNotFound()" classname="org.Flipkart.TransactionServiceTest" time="0.006"/>
  <testcase name="testDebitFailureInsufficientBalance()" classname="org.Flipkart.TransactionServiceTest" time="0.0"/>
  <testcase name="testDebitFailureWalletNotFound()" classname="org.Flipkart.TransactionServiceTest" time="0.001"/>
  <testcase name="testAddTransactionFailure()" classname="org.Flipkart.TransactionServiceTest" time="0.001"/>
  <testcase name="testGetTransactionsByDate()" classname="org.Flipkart.TransactionServiceTest" time="0.0"/>
  <testcase name="testGetTransactionsByType()" classname="org.Flipkart.TransactionServiceTest" time="0.0"/>
  <testcase name="testCreditSuccess()" classname="org.Flipkart.TransactionServiceTest" time="0.002"/>
  <testcase name="testGetTransactionsByTypeFailure()" classname="org.Flipkart.TransactionServiceTest" time="0.001"/>
  <testcase name="testGetTransactionsByDateFailure()" classname="org.Flipkart.TransactionServiceTest" time="0.0"/>
  <testcase name="testGetTransactionByUserFailure()" classname="org.Flipkart.TransactionServiceTest" time="0.0"/>
  <testcase name="testDebitSuccess()" classname="org.Flipkart.TransactionServiceTest" time="0.001"/>
  <testcase name="testGetTransactionByUser()" classname="org.Flipkart.TransactionServiceTest" time="0.0"/>
  <testcase name="testAddTransactionSuccess()" classname="org.Flipkart.TransactionServiceTest" time="0.0"/>
  <system-out><![CDATA[]]></system-out>
  <system-err><![CDATA[]]></system-err>
</testsuite>
